Performing C SOURCE FILE Test CMAKE_HAVE_LIBC_PTHREAD failed with the following output:
Change Dir: /mnt/54a8f0a8-ae4e-40cd-9886-14ce13e6f03d/DisassembleImage/build/CMakeFiles/CMakeTmp

Run Build Command(s):/usr/bin/make cmTC_7da5a/fast && /usr/bin/make -f CMakeFiles/cmTC_7da5a.dir/build.make CMakeFiles/cmTC_7da5a.dir/build
make[1]: 进入目录“/mnt/54a8f0a8-ae4e-40cd-9886-14ce13e6f03d/DisassembleImage/build/CMakeFiles/CMakeTmp”
Building C object CMakeFiles/cmTC_7da5a.dir/src.c.o
/bin/x86_64-linux-gnu-gcc-9   -DCMAKE_HAVE_LIBC_PTHREAD   -o CMakeFiles/cmTC_7da5a.dir/src.c.o   -c /mnt/54a8f0a8-ae4e-40cd-9886-14ce13e6f03d/DisassembleImage/build/CMakeFiles/CMakeTmp/src.c
Linking C executable cmTC_7da5a
/usr/bin/cmake -E cmake_link_script CMakeFiles/cmTC_7da5a.dir/link.txt --verbose=1
/bin/x86_64-linux-gnu-gcc-9  -DCMAKE_HAVE_LIBC_PTHREAD    -rdynamic CMakeFiles/cmTC_7da5a.dir/src.c.o  -o cmTC_7da5a 
/usr/bin/ld: CMakeFiles/cmTC_7da5a.dir/src.c.o: in function `main':
src.c:(.text+0x46): undefined reference to `pthread_create'
/usr/bin/ld: src.c:(.text+0x52): undefined reference to `pthread_detach'
/usr/bin/ld: src.c:(.text+0x63): undefined reference to `pthread_join'
collect2: error: ld returned 1 exit status
make[1]: *** [CMakeFiles/cmTC_7da5a.dir/build.make:87：cmTC_7da5a] 错误 1
make[1]: 离开目录“/mnt/54a8f0a8-ae4e-40cd-9886-14ce13e6f03d/DisassembleImage/build/CMakeFiles/CMakeTmp”
make: *** [Makefile:121：cmTC_7da5a/fast] 错误 2


Source file was:
#include <pthread.h>

void* test_func(void* data)
{
  return data;
}

int main(void)
{
  pthread_t thread;
  pthread_create(&thread, NULL, test_func, NULL);
  pthread_detach(thread);
  pthread_join(thread, NULL);
  pthread_atfork(NULL, NULL, NULL);
  pthread_exit(NULL);

  return 0;
}

Determining if the function pthread_create exists in the pthreads failed with the following output:
Change Dir: /mnt/54a8f0a8-ae4e-40cd-9886-14ce13e6f03d/DisassembleImage/build/CMakeFiles/CMakeTmp

Run Build Command(s):/usr/bin/make cmTC_00386/fast && /usr/bin/make -f CMakeFiles/cmTC_00386.dir/build.make CMakeFiles/cmTC_00386.dir/build
make[1]: 进入目录“/mnt/54a8f0a8-ae4e-40cd-9886-14ce13e6f03d/DisassembleImage/build/CMakeFiles/CMakeTmp”
Building C object CMakeFiles/cmTC_00386.dir/CheckFunctionExists.c.o
/bin/x86_64-linux-gnu-gcc-9   -DCHECK_FUNCTION_EXISTS=pthread_create   -o CMakeFiles/cmTC_00386.dir/CheckFunctionExists.c.o   -c /usr/share/cmake-3.16/Modules/CheckFunctionExists.c
Linking C executable cmTC_00386
/usr/bin/cmake -E cmake_link_script CMakeFiles/cmTC_00386.dir/link.txt --verbose=1
/bin/x86_64-linux-gnu-gcc-9  -DCHECK_FUNCTION_EXISTS=pthread_create    -rdynamic CMakeFiles/cmTC_00386.dir/CheckFunctionExists.c.o  -o cmTC_00386  -lpthreads 
/usr/bin/ld: 找不到 -lpthreads
collect2: error: ld returned 1 exit status
make[1]: *** [CMakeFiles/cmTC_00386.dir/build.make:87：cmTC_00386] 错误 1
make[1]: 离开目录“/mnt/54a8f0a8-ae4e-40cd-9886-14ce13e6f03d/DisassembleImage/build/CMakeFiles/CMakeTmp”
make: *** [Makefile:121：cmTC_00386/fast] 错误 2



